cmake --build . -- -v
CMake Error: The current CMakeCache.txt directory D:/NewDev/RF_RxTx/esp32_workspace/wrover_test3/build/CMakeCache.txt is different than the directory d:/Modules/ESP32/esp32_workspace/wrover_test3/build where CMakeCache.txt was created. This may result in binaries being created in the wrong place. If you are not sure, reedit the CMakeCache.txt
[1/16] cmd.exe /C "cd /D D:\Modules\ESP32\esp32_workspace\wrover_test3\build && C:\Users\6540\.espressif\tools\cmake\3.13.4\bin\cmake.exe -E touch D:/Modules/ESP32/esp32_workspace/wrover_test3/build/project_elf_src.c"
[2/16] cmd.exe /C "cd /D D:\Modules\ESP32\esp32_workspace\wrover_test3\build\esp-idf\esp32 && C:\Users\6540\.espressif\tools\xtensa-esp32-elf\esp-2020r2-8.2.0\xtensa-esp32-elf\bin\xtensa-esp32-elf-gcc.exe -C -P -x c -E -o esp32_out.ld -I D:/Modules/ESP32/esp32_workspace/wrover_test3/build/config D:/Modules/ESP32/Tools/esp_idf/components/esp32/ld/esp32.ld"
[3/16] cmd.exe /C "cd /D D:\Modules\ESP32\esp32_workspace\wrover_test3\build\esp-idf\partition_table && python D:/Modules/ESP32/Tools/esp_idf/components/partition_table/gen_esp32part.py -q --offset 0x8000 --flash-size 4MB D:/Modules/ESP32/Tools/esp_idf/components/partition_table/partitions_singleapp.csv D:/Modules/ESP32/esp32_workspace/wrover_test3/build/partition_table/partition-table.bin"
[4/16] cmd.exe /C "cd /D D:\Modules\ESP32\esp32_workspace\wrover_test3\build\esp-idf\esp32 && python D:/Modules/ESP32/Tools/esp_idf/tools/ldgen/ldgen.py --config D:/Modules/ESP32/esp32_workspace/wrover_test3/sdkconfig --fragments D:/Modules/ESP32/Tools/esp_idf/components/xtensa/linker.lf	D:/Modules/ESP32/Tools/esp_idf/components/esp_ringbuf/linker.lf	D:/Modules/ESP32/Tools/esp_idf/components/spi_flash/linker.lf	D:/Modules/ESP32/Tools/esp_idf/components/espcoredump/linker.lf	D:/Modules/ESP32/Tools/esp_idf/components/esp32/linker.lf	D:/Modules/ESP32/Tools/esp_idf/components/esp32/ld/esp32_fragments.lf	D:/Modules/ESP32/Tools/esp_idf/components/soc/linker.lf	D:/Modules/ESP32/Tools/esp_idf/components/esp_event/linker.lf	D:/Modules/ESP32/Tools/esp_idf/components/esp_wifi/linker.lf	D:/Modules/ESP32/Tools/esp_idf/components/lwip/linker.lf	D:/Modules/ESP32/Tools/esp_idf/components/log/linker.lf	D:/Modules/ESP32/Tools/esp_idf/components/heap/linker.lf	D:/Modules/ESP32/Tools/esp_idf/components/freertos/linker.lf	D:/Modules/ESP32/Tools/esp_idf/components/newlib/newlib.lf	D:/Modules/ESP32/Tools/esp_idf/components/app_trace/linker.lf	D:/Modules/ESP32/Tools/esp_idf/components/esp_gdbstub/linker.lf --input D:/Modules/ESP32/Tools/esp_idf/components/esp32/ld/esp32.project.ld.in --output D:/Modules/ESP32/esp32_workspace/wrover_test3/build/esp-idf/esp32/ld/esp32.project.ld --kconfig D:/Modules/ESP32/Tools/esp_idf/Kconfig --env-file D:/Modules/ESP32/esp32_workspace/wrover_test3/build/config.env --libraries-file D:/Modules/ESP32/esp32_workspace/wrover_test3/build/ldgen_libraries --objdump C:/Users/6540/.espressif/tools/xtensa-esp32-elf/esp-2020r2-8.2.0/xtensa-esp32-elf/bin/xtensa-esp32-elf-objdump.exe"
FAILED: esp-idf/esp32/ld/esp32.project.ld 
cmd.exe /C "cd /D D:\Modules\ESP32\esp32_workspace\wrover_test3\build\esp-idf\esp32 && python D:/Modules/ESP32/Tools/esp_idf/tools/ldgen/ldgen.py --config D:/Modules/ESP32/esp32_workspace/wrover_test3/sdkconfig --fragments D:/Modules/ESP32/Tools/esp_idf/components/xtensa/linker.lf	D:/Modules/ESP32/Tools/esp_idf/components/esp_ringbuf/linker.lf	D:/Modules/ESP32/Tools/esp_idf/components/spi_flash/linker.lf	D:/Modules/ESP32/Tools/esp_idf/components/espcoredump/linker.lf	D:/Modules/ESP32/Tools/esp_idf/components/esp32/linker.lf	D:/Modules/ESP32/Tools/esp_idf/components/esp32/ld/esp32_fragments.lf	D:/Modules/ESP32/Tools/esp_idf/components/soc/linker.lf	D:/Modules/ESP32/Tools/esp_idf/components/esp_event/linker.lf	D:/Modules/ESP32/Tools/esp_idf/components/esp_wifi/linker.lf	D:/Modules/ESP32/Tools/esp_idf/components/lwip/linker.lf	D:/Modules/ESP32/Tools/esp_idf/components/log/linker.lf	D:/Modules/ESP32/Tools/esp_idf/components/heap/linker.lf	D:/Modules/ESP32/Tools/esp_idf/components/freertos/linker.lf	D:/Modules/ESP32/Tools/esp_idf/components/newlib/newlib.lf	D:/Modules/ESP32/Tools/esp_idf/components/app_trace/linker.lf	D:/Modules/ESP32/Tools/esp_idf/components/esp_gdbstub/linker.lf --input D:/Modules/ESP32/Tools/esp_idf/components/esp32/ld/esp32.project.ld.in --output D:/Modules/ESP32/esp32_workspace/wrover_test3/build/esp-idf/esp32/ld/esp32.project.ld --kconfig D:/Modules/ESP32/Tools/esp_idf/Kconfig --env-file D:/Modules/ESP32/esp32_workspace/wrover_test3/build/config.env --libraries-file D:/Modules/ESP32/esp32_workspace/wrover_test3/build/ldgen_libraries --objdump C:/Users/6540/.espressif/tools/xtensa-esp32-elf/esp-2020r2-8.2.0/xtensa-esp32-elf/bin/xtensa-esp32-elf-objdump.exe"
C:/Users/6540/.espressif/tools/xtensa-esp32-elf/esp-2020r2-8.2.0/xtensa-esp32-elf/bin/xtensa-esp32-elf-objdump.exe: 'D:/Modules/ESP32/esp32_workspace/wrover_test3/build/esp-idf/xtensa/libxtensa.a': No such file
Traceback (most recent call last):
  File "D:/Modules/ESP32/Tools/esp_idf/tools/ldgen/ldgen.py", line 158, in <module>
    main()
  File "D:/Modules/ESP32/Tools/esp_idf/tools/ldgen/ldgen.py", line 114, in main
    dump = StringIO(subprocess.check_output([objdump, "-h", library]).decode())
  File "C:\Users\6540\AppData\Local\Programs\Python\Python38-32\lib\subprocess.py", line 411, in check_output
    return run(*popenargs, stdout=PIPE, timeout=timeout, check=True,
  File "C:\Users\6540\AppData\Local\Programs\Python\Python38-32\lib\subprocess.py", line 512, in run
    raise CalledProcessError(retcode, process.args,
subprocess.CalledProcessError: Command '['C:/Users/6540/.espressif/tools/xtensa-esp32-elf/esp-2020r2-8.2.0/xtensa-esp32-elf/bin/xtensa-esp32-elf-objdump.exe', '-h', 'D:/Modules/ESP32/esp32_workspace/wrover_test3/build/esp-idf/xtensa/libxtensa.a']' returned non-zero exit status 1.
[5/16] cmd.exe /C "cd /D D:\Modules\ESP32\esp32_workspace\wrover_test3\build\esp-idf\partition_table && C:\Users\6540\.espressif\tools\cmake\3.13.4\bin\cmake.exe -E echo "Partition table binary generated. Contents:" && C:\Users\6540\.espressif\tools\cmake\3.13.4\bin\cmake.exe -E echo ******************************************************************************* && python D:/Modules/ESP32/Tools/esp_idf/components/partition_table/gen_esp32part.py -q --offset 0x8000 --flash-size 4MB D:/Modules/ESP32/esp32_workspace/wrover_test3/build/partition_table/partition-table.bin && C:\Users\6540\.espressif\tools\cmake\3.13.4\bin\cmake.exe -E echo *******************************************************************************"
Partition table binary generated. Contents:
*******************************************************************************
# Espressif ESP32 Partition Table
# Name, Type, SubType, Offset, Size, Flags
nvs,data,nvs,0x9000,24K,
phy_init,data,phy,0xf000,4K,
factory,app,factory,0x10000,1M,
*******************************************************************************
ninja: build stopped: subcommand failed.
Build complete (0 errors, 0 warnings): D:\NewDev\RF_RxTx\esp32_workspace\wrover_test3\build
